Started GET "/" for 127.0.0.1 at 2018-03-01 01:11:54 -0800
Processing by Rails::WelcomeController#index as HTML
  Rendering /usr/local/lib/ruby/gems/2.3.0/gems/railties-5.1.4/lib/rails/templates/rails/welcome/index.html.erb
  Rendered /usr/local/lib/ruby/gems/2.3.0/gems/railties-5.1.4/lib/rails/templates/rails/welcome/index.html.erb (5.2ms)
Completed 200 OK in 251ms (Views: 12.4ms)


Started GET "/teachers/new" for 127.0.0.1 at 2018-03-01 01:12:35 -0800
Processing by TeachersController#new as HTML
  Rendering teachers/new.html.erb within layouts/application
  Rendered teachers/new.html.erb within layouts/application (2.8ms)
Completed 200 OK in 225ms (Views: 222.7ms)


Started GET "/teachers/new" for 127.0.0.1 at 2018-03-01 01:16:00 -0800
Processing by TeachersController#new as HTML
  Rendering teachers/new.html.erb within layouts/application
  Rendered teachers/new.html.erb within layouts/application (1.1ms)
Completed 200 OK in 13ms (Views: 11.2ms)


Started POST "/teachers" for 127.0.0.1 at 2018-03-01 01:16:09 -0800
Processing by TeachersController#create as HTML
  Parameters: {"utf8"=>"✓", "authenticity_token"=>"OTkdlQ0B1ujenPQ3UXDRlvof9i9VZoQTOvMDtJhvNd3menY+jqIsZ6ePvpn4dSwF91sS+PnDq2PdB/N78f3huQ==", "full_name"=>"Steven", "course_name"=>"eyebags", "grade_level"=>"9001", "commit"=>"Create teacher"}
Completed 500 Internal Server Error in 2ms


  
NameError (uninitialized constant TeachersController::Teachers):
  
app/controllers/teachers_controller.rb:10:in `create'
Started POST "/teachers" for 127.0.0.1 at 2018-03-01 01:19:06 -0800
Processing by TeachersController#create as HTML
  Parameters: {"utf8"=>"✓", "authenticity_token"=>"OTkdlQ0B1ujenPQ3UXDRlvof9i9VZoQTOvMDtJhvNd3menY+jqIsZ6ePvpn4dSwF91sS+PnDq2PdB/N78f3huQ==", "full_name"=>"Steven", "course_name"=>"eyebags", "grade_level"=>"9001", "commit"=>"Create teacher"}
Completed 500 Internal Server Error in 2ms


  
NameError (uninitialized constant TeachersController::Teachers):
  
app/controllers/teachers_controller.rb:11:in `create'
Started GET "/teachers" for 127.0.0.1 at 2018-03-01 01:22:16 -0800
  
ActionController::RoutingError (No route matches [GET] "/teachers"):
  
actionpack (5.1.4) lib/action_dispatch/middleware/debug_exceptions.rb:63:in `call'
web-console (3.5.1) lib/web_console/middleware.rb:135:in `call_app'
web-console (3.5.1) lib/web_console/middleware.rb:28:in `block in call'
web-console (3.5.1) lib/web_console/middleware.rb:18:in `catch'
web-console (3.5.1) lib/web_console/middleware.rb:18:in `call'
actionpack (5.1.4) lib/action_dispatch/middleware/show_exceptions.rb:31:in `call'
railties (5.1.4) lib/rails/rack/logger.rb:36:in `call_app'
railties (5.1.4) lib/rails/rack/logger.rb:24:in `block in call'
activesupport (5.1.4) lib/active_support/tagged_logging.rb:69:in `block in tagged'
activesupport (5.1.4) lib/active_support/tagged_logging.rb:26:in `tagged'
activesupport (5.1.4) lib/active_support/tagged_logging.rb:69:in `tagged'
railties (5.1.4) lib/rails/rack/logger.rb:24:in `call'
sprockets-rails (3.2.1) lib/sprockets/rails/quiet_assets.rb:13:in `call'
actionpack (5.1.4) lib/action_dispatch/middleware/remote_ip.rb:79:in `call'
actionpack (5.1.4) lib/action_dispatch/middleware/request_id.rb:25:in `call'
rack (2.0.3) lib/rack/method_override.rb:22:in `call'
rack (2.0.3) lib/rack/runtime.rb:22:in `call'
activesupport (5.1.4) lib/active_support/cache/strategy/local_cache_middleware.rb:27:in `call'
actionpack (5.1.4) lib/action_dispatch/middleware/executor.rb:12:in `call'
actionpack (5.1.4) lib/action_dispatch/middleware/static.rb:125:in `call'
rack (2.0.3) lib/rack/sendfile.rb:111:in `call'
railties (5.1.4) lib/rails/engine.rb:522:in `call'
puma (3.10.0) lib/puma/configuration.rb:225:in `call'
puma (3.10.0) lib/puma/server.rb:605:in `handle_request'
puma (3.10.0) lib/puma/server.rb:437:in `process_client'
puma (3.10.0) lib/puma/server.rb:301:in `block in run'
puma (3.10.0) lib/puma/thread_pool.rb:120:in `block in spawn_thread'
Started GET "/teachers/new" for 127.0.0.1 at 2018-03-01 01:22:37 -0800
Processing by TeachersController#new as HTML
  Rendering teachers/new.html.erb within layouts/application
  Rendered teachers/new.html.erb within layouts/application (2.0ms)
Completed 200 OK in 22ms (Views: 20.1ms)


Started GET "/teachers/" for 127.0.0.1 at 2018-03-01 01:22:54 -0800
  
ActionController::RoutingError (No route matches [GET] "/teachers"):
  
actionpack (5.1.4) lib/action_dispatch/middleware/debug_exceptions.rb:63:in `call'
web-console (3.5.1) lib/web_console/middleware.rb:135:in `call_app'
web-console (3.5.1) lib/web_console/middleware.rb:28:in `block in call'
web-console (3.5.1) lib/web_console/middleware.rb:18:in `catch'
web-console (3.5.1) lib/web_console/middleware.rb:18:in `call'
actionpack (5.1.4) lib/action_dispatch/middleware/show_exceptions.rb:31:in `call'
railties (5.1.4) lib/rails/rack/logger.rb:36:in `call_app'
railties (5.1.4) lib/rails/rack/logger.rb:24:in `block in call'
activesupport (5.1.4) lib/active_support/tagged_logging.rb:69:in `block in tagged'
activesupport (5.1.4) lib/active_support/tagged_logging.rb:26:in `tagged'
activesupport (5.1.4) lib/active_support/tagged_logging.rb:69:in `tagged'
railties (5.1.4) lib/rails/rack/logger.rb:24:in `call'
sprockets-rails (3.2.1) lib/sprockets/rails/quiet_assets.rb:13:in `call'
actionpack (5.1.4) lib/action_dispatch/middleware/remote_ip.rb:79:in `call'
actionpack (5.1.4) lib/action_dispatch/middleware/request_id.rb:25:in `call'
rack (2.0.3) lib/rack/method_override.rb:22:in `call'
rack (2.0.3) lib/rack/runtime.rb:22:in `call'
activesupport (5.1.4) lib/active_support/cache/strategy/local_cache_middleware.rb:27:in `call'
actionpack (5.1.4) lib/action_dispatch/middleware/executor.rb:12:in `call'
actionpack (5.1.4) lib/action_dispatch/middleware/static.rb:125:in `call'
rack (2.0.3) lib/rack/sendfile.rb:111:in `call'
railties (5.1.4) lib/rails/engine.rb:522:in `call'
puma (3.10.0) lib/puma/configuration.rb:225:in `call'
puma (3.10.0) lib/puma/server.rb:605:in `handle_request'
puma (3.10.0) lib/puma/server.rb:437:in `process_client'
puma (3.10.0) lib/puma/server.rb:301:in `block in run'
puma (3.10.0) lib/puma/thread_pool.rb:120:in `block in spawn_thread'
Started GET "/teachers/new" for 127.0.0.1 at 2018-03-01 01:24:26 -0800
Processing by TeachersController#new as HTML
  Rendering teachers/new.html.erb within layouts/application
  Rendered teachers/new.html.erb within layouts/application (1.1ms)
Completed 200 OK in 20ms (Views: 18.6ms)


Started GET "/teachers/new" for 127.0.0.1 at 2018-03-01 01:24:40 -0800
Processing by TeachersController#new as HTML
  Rendering teachers/new.html.erb within layouts/application
  Rendered teachers/new.html.erb within layouts/application (1.1ms)
Completed 200 OK in 13ms (Views: 11.7ms)


Started POST "/teachers" for 127.0.0.1 at 2018-03-01 01:25:58 -0800
Processing by TeachersController#create as HTML
  Parameters: {"utf8"=>"✓", "authenticity_token"=>"sREi/LqsFk/DnFsAqGgPc+hfnlcVH3YaT5bup1hfiMduUklXOQ/swLqPEa4BbfLg5Rt6gLm6WWqoYh5oMc1cow==", "full_name"=>"Steven", "course_name"=>"eyebags", "grade_level"=>"9001", "commit"=>"Create teacher"}
Completed 500 Internal Server Error in 1ms


  
NameError (uninitialized constant TeachersController::Teachers):
  
app/controllers/teachers_controller.rb:10:in `create'
Started GET "/teachers/new" for 127.0.0.1 at 2018-03-01 01:28:18 -0800
Processing by TeachersController#new as HTML
  Rendering teachers/new.html.erb within layouts/application
  Rendered teachers/new.html.erb within layouts/application (1.3ms)
Completed 200 OK in 18ms (Views: 16.6ms)


Started POST "/teachers" for 127.0.0.1 at 2018-03-01 01:28:29 -0800
Processing by TeachersController#create as HTML
  Parameters: {"utf8"=>"✓", "authenticity_token"=>"z+9cs7oUp8sYEwE4kmrHWXTzUQidoTU1MKUzPU7fRqMQrDcYObddRGEAS5Y7bzrKebe13zEEGkXXUcPyJ02Sxw==", "full_name"=>"Steven", "course_name"=>"eyebags", "grade_level"=>"9001", "commit"=>"Create teacher"}
Completed 500 Internal Server Error in 3ms


  
SyntaxError (/Users/Steven/berkeley/sp18/rails_decal/sp18-hw3/app/controllers/concerns/teacher.rb:1: class/module name must be CONSTANT):
  
app/controllers/concerns/teacher.rb:1: class/module name must be CONSTANT
app/controllers/teachers_controller.rb:10:in `create'
Started POST "/teachers" for 127.0.0.1 at 2018-03-01 01:28:42 -0800
Processing by TeachersController#create as HTML
  Parameters: {"utf8"=>"✓", "authenticity_token"=>"z+9cs7oUp8sYEwE4kmrHWXTzUQidoTU1MKUzPU7fRqMQrDcYObddRGEAS5Y7bzrKebe13zEEGkXXUcPyJ02Sxw==", "full_name"=>"Steven", "course_name"=>"eyebags", "grade_level"=>"9001", "commit"=>"Create teacher"}
Completed 500 Internal Server Error in 2ms


  
NoMethodError (undefined method `[]' for nil:NilClass):
  
app/controllers/concerns/teacher.rb:7:in `initialize'
app/controllers/teachers_controller.rb:10:in `new'
app/controllers/teachers_controller.rb:10:in `create'
Started POST "/teachers" for 127.0.0.1 at 2018-03-01 01:30:59 -0800
Processing by TeachersController#create as HTML
  Parameters: {"utf8"=>"✓", "authenticity_token"=>"z+9cs7oUp8sYEwE4kmrHWXTzUQidoTU1MKUzPU7fRqMQrDcYObddRGEAS5Y7bzrKebe13zEEGkXXUcPyJ02Sxw==", "full_name"=>"Steven Zheng", "course_name"=>"eyebags", "grade_level"=>"9001", "commit"=>"Create teacher"}
Completed 500 Internal Server Error in 2ms


  
NoMethodError (undefined method `[]' for nil:NilClass):
  
app/controllers/concerns/teacher.rb:7:in `initialize'
app/controllers/teachers_controller.rb:10:in `new'
app/controllers/teachers_controller.rb:10:in `create'
Started POST "/teachers" for 127.0.0.1 at 2018-03-01 01:31:20 -0800
Processing by TeachersController#create as HTML
  Parameters: {"utf8"=>"✓", "authenticity_token"=>"z+9cs7oUp8sYEwE4kmrHWXTzUQidoTU1MKUzPU7fRqMQrDcYObddRGEAS5Y7bzrKebe13zEEGkXXUcPyJ02Sxw==", "full_name"=>"Steven Zheng", "course_name"=>"eyebags", "grade_level"=>"9001", "commit"=>"Create teacher"}
Completed 500 Internal Server Error in 1ms


  
TypeError (no implicit conversion of Symbol into Integer):
  
app/controllers/concerns/teacher.rb:7:in `[]'
app/controllers/concerns/teacher.rb:7:in `initialize'
app/controllers/teachers_controller.rb:10:in `new'
app/controllers/teachers_controller.rb:10:in `create'
Started POST "/teachers" for 127.0.0.1 at 2018-03-01 01:33:03 -0800
Processing by TeachersController#create as HTML
  Parameters: {"utf8"=>"✓", "authenticity_token"=>"z+9cs7oUp8sYEwE4kmrHWXTzUQidoTU1MKUzPU7fRqMQrDcYObddRGEAS5Y7bzrKebe13zEEGkXXUcPyJ02Sxw==", "full_name"=>"Steven Zheng", "course_name"=>"eyebags", "grade_level"=>"9001", "commit"=>"Create teacher"}
Completed 500 Internal Server Error in 3ms


  
NoMethodError (undefined method `[]' for nil:NilClass):
  
app/controllers/concerns/teacher.rb:7:in `initialize'
app/controllers/teachers_controller.rb:10:in `new'
app/controllers/teachers_controller.rb:10:in `create'
Started POST "/teachers" for 127.0.0.1 at 2018-03-01 01:33:33 -0800
Processing by TeachersController#create as HTML
  Parameters: {"utf8"=>"✓", "authenticity_token"=>"z+9cs7oUp8sYEwE4kmrHWXTzUQidoTU1MKUzPU7fRqMQrDcYObddRGEAS5Y7bzrKebe13zEEGkXXUcPyJ02Sxw==", "full_name"=>"Steven Zheng", "course_name"=>"eyebags", "grade_level"=>"9001", "commit"=>"Create teacher"}
  Rendering teachers/show.html.erb within layouts/application
  Rendered teachers/show.html.erb within layouts/application (0.4ms)
Completed 200 OK in 18ms (Views: 17.1ms)


Started POST "/teachers" for 127.0.0.1 at 2018-03-01 01:34:03 -0800
Processing by TeachersController#create as HTML
  Parameters: {"utf8"=>"✓", "authenticity_token"=>"z+9cs7oUp8sYEwE4kmrHWXTzUQidoTU1MKUzPU7fRqMQrDcYObddRGEAS5Y7bzrKebe13zEEGkXXUcPyJ02Sxw==", "full_name"=>"Steven Zheng", "course_name"=>"eyebags", "grade_level"=>"9001", "commit"=>"Create teacher"}
  Rendering teachers/show.html.erb within layouts/application
  Rendered teachers/show.html.erb within layouts/application (0.8ms)
Completed 200 OK in 14ms (Views: 13.7ms)


Started GET "/teachers" for 127.0.0.1 at 2018-03-01 01:36:07 -0800
  
ActionController::RoutingError (No route matches [GET] "/teachers"):
  
actionpack (5.1.4) lib/action_dispatch/middleware/debug_exceptions.rb:63:in `call'
web-console (3.5.1) lib/web_console/middleware.rb:135:in `call_app'
web-console (3.5.1) lib/web_console/middleware.rb:28:in `block in call'
web-console (3.5.1) lib/web_console/middleware.rb:18:in `catch'
web-console (3.5.1) lib/web_console/middleware.rb:18:in `call'
actionpack (5.1.4) lib/action_dispatch/middleware/show_exceptions.rb:31:in `call'
railties (5.1.4) lib/rails/rack/logger.rb:36:in `call_app'
railties (5.1.4) lib/rails/rack/logger.rb:24:in `block in call'
activesupport (5.1.4) lib/active_support/tagged_logging.rb:69:in `block in tagged'
activesupport (5.1.4) lib/active_support/tagged_logging.rb:26:in `tagged'
activesupport (5.1.4) lib/active_support/tagged_logging.rb:69:in `tagged'
railties (5.1.4) lib/rails/rack/logger.rb:24:in `call'
sprockets-rails (3.2.1) lib/sprockets/rails/quiet_assets.rb:13:in `call'
actionpack (5.1.4) lib/action_dispatch/middleware/remote_ip.rb:79:in `call'
actionpack (5.1.4) lib/action_dispatch/middleware/request_id.rb:25:in `call'
rack (2.0.3) lib/rack/method_override.rb:22:in `call'
rack (2.0.3) lib/rack/runtime.rb:22:in `call'
activesupport (5.1.4) lib/active_support/cache/strategy/local_cache_middleware.rb:27:in `call'
actionpack (5.1.4) lib/action_dispatch/middleware/executor.rb:12:in `call'
actionpack (5.1.4) lib/action_dispatch/middleware/static.rb:125:in `call'
rack (2.0.3) lib/rack/sendfile.rb:111:in `call'
railties (5.1.4) lib/rails/engine.rb:522:in `call'
puma (3.10.0) lib/puma/configuration.rb:225:in `call'
puma (3.10.0) lib/puma/server.rb:605:in `handle_request'
puma (3.10.0) lib/puma/server.rb:437:in `process_client'
puma (3.10.0) lib/puma/server.rb:301:in `block in run'
puma (3.10.0) lib/puma/thread_pool.rb:120:in `block in spawn_thread'
Started POST "/teachers" for 127.0.0.1 at 2018-03-01 01:36:14 -0800
Processing by TeachersController#create as HTML
  Parameters: {"utf8"=>"✓", "authenticity_token"=>"z+9cs7oUp8sYEwE4kmrHWXTzUQidoTU1MKUzPU7fRqMQrDcYObddRGEAS5Y7bzrKebe13zEEGkXXUcPyJ02Sxw==", "full_name"=>"Steven Zheng", "course_name"=>"eyebags", "grade_level"=>"9001", "commit"=>"Create teacher"}
Completed 500 Internal Server Error in 3ms


  
NoMethodError (undefined method `[]' for nil:NilClass):
  
app/controllers/concerns/teacher.rb:7:in `initialize'
app/controllers/teachers_controller.rb:10:in `new'
app/controllers/teachers_controller.rb:10:in `create'
Started POST "/teachers" for 127.0.0.1 at 2018-03-01 01:36:25 -0800
Processing by TeachersController#create as HTML
  Parameters: {"utf8"=>"✓", "authenticity_token"=>"z+9cs7oUp8sYEwE4kmrHWXTzUQidoTU1MKUzPU7fRqMQrDcYObddRGEAS5Y7bzrKebe13zEEGkXXUcPyJ02Sxw==", "full_name"=>"Steven Zheng", "course_name"=>"eyebags", "grade_level"=>"9001", "commit"=>"Create teacher"}
Completed 500 Internal Server Error in 2ms


  
NoMethodError (undefined method `[]' for nil:NilClass):
  
app/controllers/concerns/teacher.rb:7:in `initialize'
app/controllers/teachers_controller.rb:10:in `new'
app/controllers/teachers_controller.rb:10:in `create'
Started POST "/teachers" for 127.0.0.1 at 2018-03-01 01:38:18 -0800
Processing by TeachersController#create as HTML
  Parameters: {"utf8"=>"✓", "authenticity_token"=>"z+9cs7oUp8sYEwE4kmrHWXTzUQidoTU1MKUzPU7fRqMQrDcYObddRGEAS5Y7bzrKebe13zEEGkXXUcPyJ02Sxw==", "full_name"=>"Steven Zheng", "course_name"=>"eyebags", "grade_level"=>"9001", "commit"=>"Create teacher"}
Completed 500 Internal Server Error in 2ms


  
NoMethodError (undefined method `[]' for nil:NilClass):
  
app/controllers/concerns/teacher.rb:7:in `initialize'
app/controllers/teachers_controller.rb:10:in `new'
app/controllers/teachers_controller.rb:10:in `create'
Started POST "/teachers" for 127.0.0.1 at 2018-03-01 01:40:10 -0800
Processing by TeachersController#create as HTML
  Parameters: {"utf8"=>"✓", "authenticity_token"=>"z+9cs7oUp8sYEwE4kmrHWXTzUQidoTU1MKUzPU7fRqMQrDcYObddRGEAS5Y7bzrKebe13zEEGkXXUcPyJ02Sxw==", "full_name"=>"Steven Zheng", "course_name"=>"eyebags", "grade_level"=>"9001", "commit"=>"Create teacher"}
Completed 500 Internal Server Error in 2ms


  
NoMethodError (undefined method `[]' for nil:NilClass):
  
app/controllers/concerns/teacher.rb:7:in `initialize'
app/controllers/teachers_controller.rb:10:in `new'
app/controllers/teachers_controller.rb:10:in `create'
Started POST "/teachers" for 127.0.0.1 at 2018-03-01 01:42:42 -0800
Processing by TeachersController#create as HTML
  Parameters: {"utf8"=>"✓", "authenticity_token"=>"z+9cs7oUp8sYEwE4kmrHWXTzUQidoTU1MKUzPU7fRqMQrDcYObddRGEAS5Y7bzrKebe13zEEGkXXUcPyJ02Sxw==", "full_name"=>"Steven Zheng", "course_name"=>"eyebags", "grade_level"=>"9001", "commit"=>"Create teacher"}
Completed 500 Internal Server Error in 2ms


  
NoMethodError (undefined method `[]' for nil:NilClass):
  
app/controllers/concerns/teacher.rb:7:in `initialize'
app/controllers/teachers_controller.rb:10:in `new'
app/controllers/teachers_controller.rb:10:in `create'
Started POST "/teachers" for 127.0.0.1 at 2018-03-01 02:01:51 -0800
Processing by TeachersController#create as HTML
  Parameters: {"utf8"=>"✓", "authenticity_token"=>"z+9cs7oUp8sYEwE4kmrHWXTzUQidoTU1MKUzPU7fRqMQrDcYObddRGEAS5Y7bzrKebe13zEEGkXXUcPyJ02Sxw==", "full_name"=>"Steven Zheng", "course_name"=>"eyebags", "grade_level"=>"9001", "commit"=>"Create teacher"}
Completed 500 Internal Server Error in 2ms


  
NoMethodError (undefined method `[]' for nil:NilClass):
  
app/controllers/concerns/teacher.rb:7:in `initialize'
app/controllers/teachers_controller.rb:10:in `new'
app/controllers/teachers_controller.rb:10:in `create'
Started GET "/teachers/new" for 127.0.0.1 at 2018-03-01 02:06:25 -0800
Processing by TeachersController#new as HTML
  Rendering teachers/new.html.erb within layouts/application
  Rendered teachers/new.html.erb within layouts/application (1.5ms)
Completed 200 OK in 22ms (Views: 19.3ms)


Started POST "/teachers" for 127.0.0.1 at 2018-03-01 02:06:31 -0800
Processing by TeachersController#create as HTML
  Parameters: {"utf8"=>"✓", "authenticity_token"=>"vzbhAYOIR3Cqfxra8jDwwge/aIf/fHMnGLnUGPsR+lJgdYqqACu9/9NsUHRbNQ1RCvuMUFPZXFf/TSTXkoMuNg==", "full_name"=>"S", "course_name"=>"e", "grade_level"=>"s", "commit"=>"Create teacher"}
Completed 500 Internal Server Error in 3ms


  
NoMethodError (undefined method `[]' for nil:NilClass):
  
app/controllers/concerns/teacher.rb:7:in `initialize'
app/controllers/teachers_controller.rb:10:in `new'
app/controllers/teachers_controller.rb:10:in `create'
Started POST "/teachers" for 127.0.0.1 at 2018-03-01 02:11:57 -0800
  
SyntaxError (/Users/Steven/berkeley/sp18/rails_decal/sp18-hw3/app/controllers/teachers_controller.rb:11: dynamic constant assignment
    Params = {
            ^):
  
app/controllers/teachers_controller.rb:11: dynamic constant assignment
Started POST "/teachers" for 127.0.0.1 at 2018-03-01 02:12:23 -0800
Processing by TeachersController#create as HTML
  Parameters: {"utf8"=>"✓", "authenticity_token"=>"vzbhAYOIR3Cqfxra8jDwwge/aIf/fHMnGLnUGPsR+lJgdYqqACu9/9NsUHRbNQ1RCvuMUFPZXFf/TSTXkoMuNg==", "full_name"=>"S", "course_name"=>"e", "grade_level"=>"s", "commit"=>"Create teacher"}
Completed 500 Internal Server Error in 2ms


  
TypeError (no implicit conversion of Symbol into Integer):
  
app/controllers/concerns/teacher.rb:7:in `[]'
app/controllers/concerns/teacher.rb:7:in `initialize'
app/controllers/teachers_controller.rb:10:in `new'
app/controllers/teachers_controller.rb:10:in `create'
Started POST "/teachers" for 127.0.0.1 at 2018-03-01 02:12:41 -0800
Processing by TeachersController#create as HTML
  Parameters: {"utf8"=>"✓", "authenticity_token"=>"vzbhAYOIR3Cqfxra8jDwwge/aIf/fHMnGLnUGPsR+lJgdYqqACu9/9NsUHRbNQ1RCvuMUFPZXFf/TSTXkoMuNg==", "full_name"=>"S", "course_name"=>"e", "grade_level"=>"s", "commit"=>"Create teacher"}
Completed 500 Internal Server Error in 1ms


  
ArgumentError (wrong number of arguments (given 3, expected 1)):
  
app/controllers/teachers_controller.rb:10:in `create'
Started GET "/" for 127.0.0.1 at 2018-03-01 11:49:17 -0800
Processing by Rails::WelcomeController#index as HTML
  Rendering /usr/local/lib/ruby/gems/2.3.0/gems/railties-5.1.4/lib/rails/templates/rails/welcome/index.html.erb
  Rendered /usr/local/lib/ruby/gems/2.3.0/gems/railties-5.1.4/lib/rails/templates/rails/welcome/index.html.erb (6.6ms)
Completed 200 OK in 257ms (Views: 14.1ms)


Started GET "/teachers/new" for 127.0.0.1 at 2018-03-01 11:50:25 -0800
Processing by TeachersController#new as HTML
  Rendering teachers/new.html.erb within layouts/application
  Rendered teachers/new.html.erb within layouts/application (1.7ms)
Completed 200 OK in 185ms (Views: 182.6ms)


Started POST "/teachers" for 127.0.0.1 at 2018-03-01 11:50:41 -0800
Processing by TeachersController#create as HTML
  Parameters: {"utf8"=>"✓", "authenticity_token"=>"1aZ+7rBZitjpmH0mteoOlSFMjfmvfG9oab1al8RkEAMK5RVFM/pwV5CLN4gc7/MGLAhpLgPZQBiOSapYrfbEZw==", "full_name"=>"", "course_name"=>"", "grade_level"=>"", "commit"=>"Create teacher"}
Completed 500 Internal Server Error in 2ms


  
NoMethodError (undefined method `[]' for nil:NilClass):
  
app/controllers/concerns/teacher.rb:7:in `initialize'
app/controllers/teachers_controller.rb:10:in `new'
app/controllers/teachers_controller.rb:10:in `create'
Started POST "/teachers" for 127.0.0.1 at 2018-03-01 11:50:46 -0800
Processing by TeachersController#create as HTML
  Parameters: {"utf8"=>"✓", "authenticity_token"=>"1aZ+7rBZitjpmH0mteoOlSFMjfmvfG9oab1al8RkEAMK5RVFM/pwV5CLN4gc7/MGLAhpLgPZQBiOSapYrfbEZw==", "full_name"=>"asdf", "course_name"=>"asdf", "grade_level"=>"asdf", "commit"=>"Create teacher"}
Completed 500 Internal Server Error in 1ms


  
NoMethodError (undefined method `[]' for nil:NilClass):
  
app/controllers/concerns/teacher.rb:7:in `initialize'
app/controllers/teachers_controller.rb:10:in `new'
app/controllers/teachers_controller.rb:10:in `create'
Started POST "/teachers" for 127.0.0.1 at 2018-03-01 11:52:27 -0800
Processing by TeachersController#create as HTML
  Parameters: {"utf8"=>"✓", "authenticity_token"=>"1aZ+7rBZitjpmH0mteoOlSFMjfmvfG9oab1al8RkEAMK5RVFM/pwV5CLN4gc7/MGLAhpLgPZQBiOSapYrfbEZw==", "full_name"=>"asdf", "course_name"=>"asdf", "grade_level"=>"asdf", "commit"=>"Create teacher"}
  Rendering teachers/show.html.erb within layouts/application
  Rendered teachers/show.html.erb within layouts/application (0.6ms)
Completed 200 OK in 19ms (Views: 18.4ms)


Started GET "/teachers" for 127.0.0.1 at 2018-03-01 11:54:21 -0800
  
ActionController::RoutingError (No route matches [GET] "/teachers"):
  
actionpack (5.1.4) lib/action_dispatch/middleware/debug_exceptions.rb:63:in `call'
web-console (3.5.1) lib/web_console/middleware.rb:135:in `call_app'
web-console (3.5.1) lib/web_console/middleware.rb:28:in `block in call'
web-console (3.5.1) lib/web_console/middleware.rb:18:in `catch'
web-console (3.5.1) lib/web_console/middleware.rb:18:in `call'
actionpack (5.1.4) lib/action_dispatch/middleware/show_exceptions.rb:31:in `call'
railties (5.1.4) lib/rails/rack/logger.rb:36:in `call_app'
railties (5.1.4) lib/rails/rack/logger.rb:24:in `block in call'
activesupport (5.1.4) lib/active_support/tagged_logging.rb:69:in `block in tagged'
activesupport (5.1.4) lib/active_support/tagged_logging.rb:26:in `tagged'
activesupport (5.1.4) lib/active_support/tagged_logging.rb:69:in `tagged'
railties (5.1.4) lib/rails/rack/logger.rb:24:in `call'
sprockets-rails (3.2.1) lib/sprockets/rails/quiet_assets.rb:13:in `call'
actionpack (5.1.4) lib/action_dispatch/middleware/remote_ip.rb:79:in `call'
actionpack (5.1.4) lib/action_dispatch/middleware/request_id.rb:25:in `call'
rack (2.0.3) lib/rack/method_override.rb:22:in `call'
rack (2.0.3) lib/rack/runtime.rb:22:in `call'
activesupport (5.1.4) lib/active_support/cache/strategy/local_cache_middleware.rb:27:in `call'
actionpack (5.1.4) lib/action_dispatch/middleware/executor.rb:12:in `call'
actionpack (5.1.4) lib/action_dispatch/middleware/static.rb:125:in `call'
rack (2.0.3) lib/rack/sendfile.rb:111:in `call'
railties (5.1.4) lib/rails/engine.rb:522:in `call'
puma (3.10.0) lib/puma/configuration.rb:225:in `call'
puma (3.10.0) lib/puma/server.rb:605:in `handle_request'
puma (3.10.0) lib/puma/server.rb:437:in `process_client'
puma (3.10.0) lib/puma/server.rb:301:in `block in run'
puma (3.10.0) lib/puma/thread_pool.rb:120:in `block in spawn_thread'
Started GET "/students/new" for 127.0.0.1 at 2018-03-01 12:00:24 -0800
  
LoadError (Unable to autoload constant StudentsController, expected /Users/Steven/berkeley/sp18/rails_decal/sp18-hw3/app/controllers/students_controller.rb to define it):
  
activesupport (5.1.4) lib/active_support/dependencies.rb:511:in `load_missing_constant'
activesupport (5.1.4) lib/active_support/dependencies.rb:202:in `const_missing'
activesupport (5.1.4) lib/active_support/inflector/methods.rb:269:in `const_get'
activesupport (5.1.4) lib/active_support/inflector/methods.rb:269:in `block in constantize'
activesupport (5.1.4) lib/active_support/inflector/methods.rb:267:in `each'
activesupport (5.1.4) lib/active_support/inflector/methods.rb:267:in `inject'
activesupport (5.1.4) lib/active_support/inflector/methods.rb:267:in `constantize'
activesupport (5.1.4) lib/active_support/dependencies.rb:582:in `get'
activesupport (5.1.4) lib/active_support/dependencies.rb:613:in `constantize'
actionpack (5.1.4) lib/action_dispatch/http/request.rb:85:in `controller_class_for'
actionpack (5.1.4) lib/action_dispatch/http/parameters.rb:99:in `binary_params_for?'
actionpack (5.1.4) lib/action_dispatch/http/parameters.rb:90:in `set_binary_encoding'
actionpack (5.1.4) lib/action_dispatch/http/parameters.rb:67:in `path_parameters='
actionpack (5.1.4) lib/action_dispatch/journey/router.rb:48:in `block in serve'
actionpack (5.1.4) lib/action_dispatch/journey/router.rb:33:in `each'
actionpack (5.1.4) lib/action_dispatch/journey/router.rb:33:in `serve'
actionpack (5.1.4) lib/action_dispatch/routing/route_set.rb:834:in `call'
rack (2.0.3) lib/rack/etag.rb:25:in `call'
rack (2.0.3) lib/rack/conditional_get.rb:25:in `call'
rack (2.0.3) lib/rack/head.rb:12:in `call'
rack (2.0.3) lib/rack/session/abstract/id.rb:232:in `context'
rack (2.0.3) lib/rack/session/abstract/id.rb:226:in `call'
actionpack (5.1.4) lib/action_dispatch/middleware/cookies.rb:613:in `call'
activerecord (5.1.4) lib/active_record/migration.rb:556:in `call'
actionpack (5.1.4) lib/action_dispatch/middleware/callbacks.rb:26:in `block in call'
activesupport (5.1.4) lib/active_support/callbacks.rb:97:in `run_callbacks'
actionpack (5.1.4) lib/action_dispatch/middleware/callbacks.rb:24:in `call'
actionpack (5.1.4) lib/action_dispatch/middleware/executor.rb:12:in `call'
actionpack (5.1.4) lib/action_dispatch/middleware/debug_exceptions.rb:59:in `call'
web-console (3.5.1) lib/web_console/middleware.rb:135:in `call_app'
web-console (3.5.1) lib/web_console/middleware.rb:28:in `block in call'
web-console (3.5.1) lib/web_console/middleware.rb:18:in `catch'
web-console (3.5.1) lib/web_console/middleware.rb:18:in `call'
actionpack (5.1.4) lib/action_dispatch/middleware/show_exceptions.rb:31:in `call'
railties (5.1.4) lib/rails/rack/logger.rb:36:in `call_app'
railties (5.1.4) lib/rails/rack/logger.rb:24:in `block in call'
activesupport (5.1.4) lib/active_support/tagged_logging.rb:69:in `block in tagged'
activesupport (5.1.4) lib/active_support/tagged_logging.rb:26:in `tagged'
activesupport (5.1.4) lib/active_support/tagged_logging.rb:69:in `tagged'
railties (5.1.4) lib/rails/rack/logger.rb:24:in `call'
sprockets-rails (3.2.1) lib/sprockets/rails/quiet_assets.rb:13:in `call'
actionpack (5.1.4) lib/action_dispatch/middleware/remote_ip.rb:79:in `call'
actionpack (5.1.4) lib/action_dispatch/middleware/request_id.rb:25:in `call'
rack (2.0.3) lib/rack/method_override.rb:22:in `call'
rack (2.0.3) lib/rack/runtime.rb:22:in `call'
activesupport (5.1.4) lib/active_support/cache/strategy/local_cache_middleware.rb:27:in `call'
actionpack (5.1.4) lib/action_dispatch/middleware/executor.rb:12:in `call'
actionpack (5.1.4) lib/action_dispatch/middleware/static.rb:125:in `call'
rack (2.0.3) lib/rack/sendfile.rb:111:in `call'
railties (5.1.4) lib/rails/engine.rb:522:in `call'
puma (3.10.0) lib/puma/configuration.rb:225:in `call'
puma (3.10.0) lib/puma/server.rb:605:in `handle_request'
puma (3.10.0) lib/puma/server.rb:437:in `process_client'
puma (3.10.0) lib/puma/server.rb:301:in `block in run'
puma (3.10.0) lib/puma/thread_pool.rb:120:in `block in spawn_thread'
Started GET "/students/new" for 127.0.0.1 at 2018-03-01 12:01:06 -0800
Processing by StudentsController#new as HTML
  Rendering students/new.html.erb within layouts/application
  Rendered students/new.html.erb within layouts/application (0.4ms)
Completed 200 OK in 15ms (Views: 13.2ms)


Started GET "/students/new" for 127.0.0.1 at 2018-03-01 12:02:56 -0800
Processing by StudentsController#new as HTML
  Rendering students/new.html.erb within layouts/application
  Rendered students/new.html.erb within layouts/application (1.2ms)
Completed 200 OK in 15ms (Views: 13.6ms)


Started POST "/students" for 127.0.0.1 at 2018-03-01 12:03:00 -0800
Processing by StudentsController#create as HTML
  Parameters: {"utf8"=>"✓", "authenticity_token"=>"KS/Up0/6Kz5WcjlVheDn7Xg2ecrT5CTyUOUJTRwJ8TD2bL8MzFnRsS9hc/ss5Rp+dXKdHX9BC4K3EfmCdZslVA==", "full_name"=>"", "course_name"=>"", "org"=>"", "commit"=>"Create Student"}
  Rendering students/show.html.erb within layouts/application
  Rendered students/show.html.erb within layouts/application (0.4ms)
Completed 200 OK in 14ms (Views: 13.7ms)


Started POST "/students" for 127.0.0.1 at 2018-03-01 12:03:09 -0800
Processing by StudentsController#create as HTML
  Parameters: {"utf8"=>"✓", "authenticity_token"=>"KS/Up0/6Kz5WcjlVheDn7Xg2ecrT5CTyUOUJTRwJ8TD2bL8MzFnRsS9hc/ss5Rp+dXKdHX9BC4K3EfmCdZslVA==", "full_name"=>"Steven", "course_name"=>"eyebags", "org"=>"lol", "commit"=>"Create Student"}
  Rendering students/show.html.erb within layouts/application
  Rendered students/show.html.erb within layouts/application (0.5ms)
Completed 200 OK in 14ms (Views: 13.6ms)


Started GET "/students" for 127.0.0.1 at 2018-03-01 12:03:39 -0800
  
ActionController::RoutingError (No route matches [GET] "/students"):
  
actionpack (5.1.4) lib/action_dispatch/middleware/debug_exceptions.rb:63:in `call'
web-console (3.5.1) lib/web_console/middleware.rb:135:in `call_app'
web-console (3.5.1) lib/web_console/middleware.rb:28:in `block in call'
web-console (3.5.1) lib/web_console/middleware.rb:18:in `catch'
web-console (3.5.1) lib/web_console/middleware.rb:18:in `call'
actionpack (5.1.4) lib/action_dispatch/middleware/show_exceptions.rb:31:in `call'
railties (5.1.4) lib/rails/rack/logger.rb:36:in `call_app'
railties (5.1.4) lib/rails/rack/logger.rb:24:in `block in call'
activesupport (5.1.4) lib/active_support/tagged_logging.rb:69:in `block in tagged'
activesupport (5.1.4) lib/active_support/tagged_logging.rb:26:in `tagged'
activesupport (5.1.4) lib/active_support/tagged_logging.rb:69:in `tagged'
railties (5.1.4) lib/rails/rack/logger.rb:24:in `call'
sprockets-rails (3.2.1) lib/sprockets/rails/quiet_assets.rb:13:in `call'
actionpack (5.1.4) lib/action_dispatch/middleware/remote_ip.rb:79:in `call'
actionpack (5.1.4) lib/action_dispatch/middleware/request_id.rb:25:in `call'
rack (2.0.3) lib/rack/method_override.rb:22:in `call'
rack (2.0.3) lib/rack/runtime.rb:22:in `call'
activesupport (5.1.4) lib/active_support/cache/strategy/local_cache_middleware.rb:27:in `call'
actionpack (5.1.4) lib/action_dispatch/middleware/executor.rb:12:in `call'
actionpack (5.1.4) lib/action_dispatch/middleware/static.rb:125:in `call'
rack (2.0.3) lib/rack/sendfile.rb:111:in `call'
railties (5.1.4) lib/rails/engine.rb:522:in `call'
puma (3.10.0) lib/puma/configuration.rb:225:in `call'
puma (3.10.0) lib/puma/server.rb:605:in `handle_request'
puma (3.10.0) lib/puma/server.rb:437:in `process_client'
puma (3.10.0) lib/puma/server.rb:301:in `block in run'
puma (3.10.0) lib/puma/thread_pool.rb:120:in `block in spawn_thread'
Started POST "/students" for 127.0.0.1 at 2018-03-01 12:03:42 -0800
Processing by StudentsController#create as HTML
  Parameters: {"utf8"=>"✓", "authenticity_token"=>"KS/Up0/6Kz5WcjlVheDn7Xg2ecrT5CTyUOUJTRwJ8TD2bL8MzFnRsS9hc/ss5Rp+dXKdHX9BC4K3EfmCdZslVA==", "full_name"=>"Steven", "course_name"=>"eyebags", "org"=>"lol", "commit"=>"Create Student"}
  Rendering students/show.html.erb within layouts/application
  Rendered students/show.html.erb within layouts/application (0.4ms)
Completed 200 OK in 13ms (Views: 12.3ms)


Started POST "/students" for 127.0.0.1 at 2018-03-01 12:04:43 -0800
Processing by StudentsController#create as HTML
  Parameters: {"utf8"=>"✓", "authenticity_token"=>"KS/Up0/6Kz5WcjlVheDn7Xg2ecrT5CTyUOUJTRwJ8TD2bL8MzFnRsS9hc/ss5Rp+dXKdHX9BC4K3EfmCdZslVA==", "full_name"=>"Steven", "course_name"=>"eyebags", "org"=>"lol", "commit"=>"Create Student"}
  Rendering students/show.html.erb within layouts/application
  Rendered students/show.html.erb within layouts/application (0.5ms)
Completed 200 OK in 14ms (Views: 13.3ms)


Started POST "/students" for 127.0.0.1 at 2018-03-01 12:04:54 -0800
Processing by StudentsController#create as HTML
  Parameters: {"utf8"=>"✓", "authenticity_token"=>"KS/Up0/6Kz5WcjlVheDn7Xg2ecrT5CTyUOUJTRwJ8TD2bL8MzFnRsS9hc/ss5Rp+dXKdHX9BC4K3EfmCdZslVA==", "full_name"=>"Steven", "course_name"=>"eyebags", "org"=>"lol", "commit"=>"Create Student"}
  Rendering students/show.html.erb within layouts/application
  Rendered students/show.html.erb within layouts/application (0.4ms)
Completed 200 OK in 14ms (Views: 13.7ms)


Started POST "/students" for 127.0.0.1 at 2018-03-01 12:05:02 -0800
Processing by StudentsController#create as HTML
  Parameters: {"utf8"=>"✓", "authenticity_token"=>"KS/Up0/6Kz5WcjlVheDn7Xg2ecrT5CTyUOUJTRwJ8TD2bL8MzFnRsS9hc/ss5Rp+dXKdHX9BC4K3EfmCdZslVA==", "full_name"=>"Steven", "course_name"=>"eyebags", "org"=>"lol", "commit"=>"Create Student"}
  Rendering students/show.html.erb within layouts/application
  Rendered students/show.html.erb within layouts/application (0.4ms)
Completed 200 OK in 13ms (Views: 12.8ms)


Started POST "/students" for 127.0.0.1 at 2018-03-01 12:07:21 -0800
Processing by StudentsController#create as HTML
  Parameters: {"utf8"=>"✓", "authenticity_token"=>"KS/Up0/6Kz5WcjlVheDn7Xg2ecrT5CTyUOUJTRwJ8TD2bL8MzFnRsS9hc/ss5Rp+dXKdHX9BC4K3EfmCdZslVA==", "full_name"=>"", "course_name"=>"", "org"=>"", "commit"=>"Create Student"}
  Rendering students/show.html.erb within layouts/application
  Rendered students/show.html.erb within layouts/application (0.6ms)
Completed 200 OK in 25ms (Views: 24.2ms)


Started POST "/students" for 127.0.0.1 at 2018-03-01 12:07:31 -0800
Processing by StudentsController#create as HTML
  Parameters: {"utf8"=>"✓", "authenticity_token"=>"KS/Up0/6Kz5WcjlVheDn7Xg2ecrT5CTyUOUJTRwJ8TD2bL8MzFnRsS9hc/ss5Rp+dXKdHX9BC4K3EfmCdZslVA==", "full_name"=>"Bob", "course_name"=>"asdf", "org"=>"org", "commit"=>"Create Student"}
  Rendering students/show.html.erb within layouts/application
  Rendered students/show.html.erb within layouts/application (0.4ms)
Completed 200 OK in 14ms (Views: 13.8ms)


Started GET "/students/new" for 127.0.0.1 at 2018-03-01 12:10:02 -0800
Processing by StudentsController#new as HTML
  Rendering students/new.html.erb within layouts/application
  Rendered students/new.html.erb within layouts/application (1.3ms)
Completed 200 OK in 17ms (Views: 15.3ms)


Started POST "/students" for 127.0.0.1 at 2018-03-01 12:10:45 -0800
Processing by StudentsController#create as HTML
  Parameters: {"utf8"=>"✓", "authenticity_token"=>"I7EO1uaR+2VuDCR6Sw2BCqcu+fzOMVOo3kFnfl09CxX88mV9ZTIB6hcfbtTiCHyZqmodK2KUfNg5tZexNK/fcQ==", "full_name"=>"Name", "catch_phrase"=>"sdf", "org"=>"asdfa", "commit"=>"Create Student"}
  Rendering students/show.html.erb within layouts/application
  Rendered students/show.html.erb within layouts/application (0.9ms)
Completed 200 OK in 16ms (Views: 15.6ms)


Started GET "/students/new" for 127.0.0.1 at 2018-03-01 12:11:10 -0800
Processing by StudentsController#new as HTML
  Rendering students/new.html.erb within layouts/application
  Rendered students/new.html.erb within layouts/application (1.0ms)
Completed 200 OK in 14ms (Views: 12.2ms)


Started POST "/students" for 127.0.0.1 at 2018-03-01 12:11:14 -0800
Processing by StudentsController#create as HTML
  Parameters: {"utf8"=>"✓", "authenticity_token"=>"6EpGz2LYV4Na30ZxYx9/1B+3jz0QWoA4NMWRPWKWUYU3CS1k4XutDCPMDN/KGoJHEvNr6rz/r0jTMWHyCwSF4Q==", "full_name"=>"a", "catch_phrase"=>"a", "org"=>"a", "commit"=>"Create Student"}
  Rendering students/show.html.erb within layouts/application
  Rendered students/show.html.erb within layouts/application (0.4ms)
Completed 200 OK in 14ms (Views: 13.4ms)


Started POST "/students" for 127.0.0.1 at 2018-03-01 12:11:43 -0800
Processing by StudentsController#create as HTML
  Parameters: {"utf8"=>"✓", "authenticity_token"=>"6EpGz2LYV4Na30ZxYx9/1B+3jz0QWoA4NMWRPWKWUYU3CS1k4XutDCPMDN/KGoJHEvNr6rz/r0jTMWHyCwSF4Q==", "full_name"=>"a", "catch_phrase"=>"a", "org"=>"a", "commit"=>"Create Student"}
  Rendering students/show.html.erb within layouts/application
  Rendered students/show.html.erb within layouts/application (0.4ms)
Completed 200 OK in 14ms (Views: 13.1ms)


Started POST "/students" for 127.0.0.1 at 2018-03-01 12:11:54 -0800
Processing by StudentsController#create as HTML
  Parameters: {"utf8"=>"✓", "authenticity_token"=>"6EpGz2LYV4Na30ZxYx9/1B+3jz0QWoA4NMWRPWKWUYU3CS1k4XutDCPMDN/KGoJHEvNr6rz/r0jTMWHyCwSF4Q==", "full_name"=>"a", "catch_phrase"=>"a", "org"=>"a", "commit"=>"Create Student"}
  Rendering students/show.html.erb within layouts/application
  Rendered students/show.html.erb within layouts/application (0.6ms)
Completed 200 OK in 16ms (Views: 15.0ms)


Started GET "/" for 127.0.0.1 at 2018-03-01 12:12:01 -0800
Processing by Rails::WelcomeController#index as HTML
  Rendering /usr/local/lib/ruby/gems/2.3.0/gems/railties-5.1.4/lib/rails/templates/rails/welcome/index.html.erb
  Rendered /usr/local/lib/ruby/gems/2.3.0/gems/railties-5.1.4/lib/rails/templates/rails/welcome/index.html.erb (3.1ms)
Completed 200 OK in 8ms (Views: 4.9ms)


Started GET "/" for 127.0.0.1 at 2018-03-01 12:12:59 -0800
Started GET "/students/new" for 127.0.0.1 at 2018-03-01 12:12:59 -0800
Processing by StudentsController#new as HTML
  Rendering students/new.html.erb within layouts/application
  Rendered students/new.html.erb within layouts/application (1.1ms)
Completed 200 OK in 14ms (Views: 12.7ms)


